Using pre-set license
Built from '6000.0/staging' branch; Version is '6000.0.34f1 (5ab2d9ed9190) revision 5944025'; Using compiler version '193933523'; Build Type 'Release'
OS: 'Windows 11  (10.0.26100) 64bit Professional' Language: 'es' Physical Memory: 65377 MB
BatchMode: 1, IsHumanControllingUs: 0, StartBugReporterOnCrash: 0, Is64bit: 1, IsPro: 1

COMMAND LINE ARGUMENTS:
C:\Program Files\Unity\Hub\Editor\6000.0.34f1\Editor\Unity.exe
-adb2
-batchMode
-noUpm
-name
AssetImportWorker8
-projectPath
E:/Unity Projects/Experiencia FA 2
-logFile
Logs/AssetImportWorker8.log
-srvPort
53854
-job-worker-count
7
-background-job-worker-count
8
-gc-helper-count
1
Successfully changed project path to: E:/Unity Projects/Experiencia FA 2
E:/Unity Projects/Experiencia FA 2
[UnityMemory] Configuration Parameters - Can be set up in boot.config
    "memorysetup-bucket-allocator-granularity=16"
    "memorysetup-bucket-allocator-bucket-count=8"
    "memorysetup-bucket-allocator-block-size=33554432"
    "memorysetup-bucket-allocator-block-count=8"
    "memorysetup-main-allocator-block-size=16777216"
    "memorysetup-thread-allocator-block-size=16777216"
    "memorysetup-gfx-main-allocator-block-size=16777216"
    "memorysetup-gfx-thread-allocator-block-size=16777216"
    "memorysetup-cache-allocator-block-size=4194304"
    "memorysetup-typetree-allocator-block-size=2097152"
    "memorysetup-profiler-bucket-allocator-granularity=16"
    "memorysetup-profiler-bucket-allocator-bucket-count=8"
    "memorysetup-profiler-bucket-allocator-block-size=33554432"
    "memorysetup-profiler-bucket-allocator-block-count=8"
    "memorysetup-profiler-allocator-block-size=16777216"
    "memorysetup-profiler-editor-allocator-block-size=1048576"
    "memorysetup-temp-allocator-size-main=16777216"
    "memorysetup-job-temp-allocator-block-size=2097152"
    "memorysetup-job-temp-allocator-block-size-background=1048576"
    "memorysetup-job-temp-allocator-reduction-small-platforms=262144"
    "memorysetup-allocator-temp-initial-block-size-main=262144"
    "memorysetup-allocator-temp-initial-block-size-worker=262144"
    "memorysetup-temp-allocator-size-background-worker=32768"
    "memorysetup-temp-allocator-size-job-worker=262144"
    "memorysetup-temp-allocator-size-preload-manager=33554432"
    "memorysetup-temp-allocator-size-nav-mesh-worker=65536"
    "memorysetup-temp-allocator-size-audio-worker=65536"
    "memorysetup-temp-allocator-size-cloud-worker=32768"
    "memorysetup-temp-allocator-size-gi-baking-worker=262144"
    "memorysetup-temp-allocator-size-gi-baking-worker=262144"
    "memorysetup-temp-allocator-size-gi-baking-worker=262144"
    "memorysetup-temp-allocator-size-gi-baking-worker=262144"
    "memorysetup-temp-allocator-size-gi-baking-worker=262144"
    "memorysetup-temp-allocator-size-gfx=262144"
Player connection [42468]  Target information:

Player connection [42468]  * "[IP] 192.168.1.35 [Port] 0 [Flags] 2 [Guid] 2907292666 [EditorId] 2907292666 [Version] 1048832 [Id] WindowsEditor(7,DESKTOP-MB2GKBT) [Debug] 1 [PackageName] WindowsEditor [ProjectName] Editor" 

Player connection [42468]  * "[IP] 172.31.240.1 [Port] 0 [Flags] 2 [Guid] 2907292666 [EditorId] 2907292666 [Version] 1048832 [Id] WindowsEditor(7,DESKTOP-MB2GKBT) [Debug] 1 [PackageName] WindowsEditor [ProjectName] Editor" 

Player connection [42468] Host joined multi-casting on [225.0.0.222:54997]...
Player connection [42468] Host joined alternative multi-casting on [225.0.0.222:34997]...
JobSystem: Creating JobQueue using job-worker-count value 7
Input System module state changed to: Initialized.
[Physics::Module] Initialized fallback backend.
[Physics::Module] Id: 0xdecafbad
Library Redirect Path: Library/
[Physics::Module] Selected backend.
[Physics::Module] Name: PhysX
[Physics::Module] Id: 0xf2b8ea05
[Physics::Module] SDK Version: 4.1.2
[Physics::Module] Integration Version: 1.0.0
[Physics::Module] Threading Mode: Multi-Threaded
Refreshing native plugins compatible for Editor in 0.67 ms, found 2 plugins.
Preloading 0 native plugins for Editor in 0.00 ms.
Initialize engine version: 6000.0.34f1 (5ab2d9ed9190)
[Subsystems] Discovering subsystems at path C:/Program Files/Unity/Hub/Editor/6000.0.34f1/Editor/Data/Resources/UnitySubsystems
[Subsystems] Discovering subsystems at path E:/Unity Projects/Experiencia FA 2/Assets
GfxDevice: creating device client; kGfxThreadingModeNonThreaded
Direct3D:
    Version:  Direct3D 11.0 [level 11.1]
    Renderer: NVIDIA GeForce RTX 3090 (ID=0x2204)
    Vendor:   NVIDIA
    VRAM:     24326 MB
    Driver:   32.0.15.7680
Initialize mono
Mono path[0] = 'C:/Program Files/Unity/Hub/Editor/6000.0.34f1/Editor/Data/Managed'
Mono path[1] = 'C:/Program Files/Unity/Hub/Editor/6000.0.34f1/Editor/Data/MonoBleedingEdge/lib/mono/unityjit-win32'
Mono config path = 'C:/Program Files/Unity/Hub/Editor/6000.0.34f1/Editor/Data/MonoBleedingEdge/etc'
Using monoOptions --debugger-agent=transport=dt_socket,embedding=1,server=y,suspend=n,address=127.0.0.1:56624
Begin MonoManager ReloadAssembly
Registering precompiled unity dll's ...
Register platform support module: C:/Program Files/Unity/Hub/Editor/6000.0.34f1/Editor/Data/PlaybackEngines/WebGLSupport/UnityEditor.WebGL.Extensions.dll
Register platform support module: C:/Program Files/Unity/Hub/Editor/6000.0.34f1/Editor/Data/PlaybackEngines/WindowsStandaloneSupport/UnityEditor.WindowsStandalone.Extensions.dll
Register platform support module: C:/Program Files/Unity/Hub/Editor/6000.0.34f1/Editor/Data/PlaybackEngines/MetroSupport/UnityEditor.UWP.Extensions.dll
Register platform support module: C:/Program Files/Unity/Hub/Editor/6000.0.34f1/Editor/Data/PlaybackEngines/AndroidPlayer/UnityEditor.Android.Extensions.dll
Registered in 0.004450 seconds.
- Loaded All Assemblies, in  0.360 seconds
Native extension for Android target not found
Android Extension - Scanning For ADB Devices 199 ms
Native extension for UWP target not found
Native extension for WindowsStandalone target not found
Native extension for WebGL target not found
Mono: successfully reloaded assembly
- Finished resetting the current domain, in  0.491 seconds
Domain Reload Profiling: 848ms
	BeginReloadAssembly (123ms)
		ExecutionOrderSort (0ms)
		DisableScriptedObjects (0ms)
		BackupInstance (0ms)
		ReleaseScriptingObjects (0ms)
		CreateAndSetChildDomain (1ms)
	RebuildCommonClasses (29ms)
	RebuildNativeTypeToScriptingClass (8ms)
	initialDomainReloadingComplete (44ms)
	LoadAllAssembliesAndSetupDomain (153ms)
		LoadAssemblies (122ms)
		RebuildTransferFunctionScriptingTraits (0ms)
		AnalyzeDomain (150ms)
			TypeCache.Refresh (148ms)
				TypeCache.ScanAssembly (135ms)
			BuildScriptInfoCaches (0ms)
			ResolveRequiredComponents (0ms)
	FinalizeReload (491ms)
		ReleaseScriptCaches (0ms)
		RebuildScriptCaches (0ms)
		SetupLoadedEditorAssemblies (460ms)
			LogAssemblyErrors (0ms)
			InitializePlatformSupportModulesInManaged (275ms)
			SetLoadedEditorAssemblies (4ms)
			BeforeProcessingInitializeOnLoad (40ms)
			ProcessInitializeOnLoadAttributes (98ms)
			ProcessInitializeOnLoadMethodAttributes (43ms)
			AfterProcessingInitializeOnLoad (0ms)
			EditorAssembliesLoaded (0ms)
		ExecutionOrderSort2 (0ms)
		AwakeInstancesAfterBackupRestoration (0ms)
========================================================================
Worker process is ready to serve import requests
Import Worker Mode flag is 0x00
Begin MonoManager ReloadAssembly
- Loaded All Assemblies, in  0.620 seconds
Refreshing native plugins compatible for Editor in 0.39 ms, found 2 plugins.
Native extension for Android target not found
Native extension for UWP target not found
Native extension for WindowsStandalone target not found
Native extension for WebGL target not found
[MODES] ModeService[none].Initialize
[MODES] ModeService[none].LoadModes
[MODES] Loading mode Default (0) for mode-current-id-Experiencia FA 2
Mono: successfully reloaded assembly
- Finished resetting the current domain, in  0.792 seconds
Domain Reload Profiling: 1410ms
	BeginReloadAssembly (133ms)
		ExecutionOrderSort (0ms)
		DisableScriptedObjects (7ms)
		BackupInstance (0ms)
		ReleaseScriptingObjects (0ms)
		CreateAndSetChildDomain (26ms)
	RebuildCommonClasses (24ms)
	RebuildNativeTypeToScriptingClass (9ms)
	initialDomainReloadingComplete (34ms)
	LoadAllAssembliesAndSetupDomain (417ms)
		LoadAssemblies (309ms)
		RebuildTransferFunctionScriptingTraits (0ms)
		AnalyzeDomain (183ms)
			TypeCache.Refresh (133ms)
				TypeCache.ScanAssembly (119ms)
			BuildScriptInfoCaches (39ms)
			ResolveRequiredComponents (9ms)
	FinalizeReload (793ms)
		ReleaseScriptCaches (0ms)
		RebuildScriptCaches (0ms)
		SetupLoadedEditorAssemblies (676ms)
			LogAssemblyErrors (0ms)
			InitializePlatformSupportModulesInManaged (12ms)
			SetLoadedEditorAssemblies (6ms)
			BeforeProcessingInitializeOnLoad (136ms)
			ProcessInitializeOnLoadAttributes (418ms)
			ProcessInitializeOnLoadMethodAttributes (101ms)
			AfterProcessingInitializeOnLoad (4ms)
			EditorAssembliesLoaded (0ms)
		ExecutionOrderSort2 (0ms)
		AwakeInstancesAfterBackupRestoration (6ms)
Launched and connected shader compiler UnityShaderCompiler.exe after 0.01 seconds
Refreshing native plugins compatible for Editor in 0.44 ms, found 2 plugins.
Preloading 0 native plugins for Editor in 0.00 ms.
Unloading 232 Unused Serialized files (Serialized files now loaded: 0)
Unloading 4769 unused Assets / (9.8 MB). Loaded Objects now: 5380.
Memory consumption went from 157.3 MB to 147.6 MB.
Total: 11.733600 ms (FindLiveObjects: 0.451000 ms CreateObjectMapping: 0.719800 ms MarkObjects: 5.870500 ms  DeleteObjects: 4.690600 ms)

========================================================================
Received Import Request.
  Time since last request: 944489.580220 seconds.
  path: Assets/Decimate/Grid Master/URP/Materials/GM-Grid-01-URP.mat
  artifactKey: Guid(c6febd709b56648c293143b559ca2250) Importer(815301076,1909f56bfc062723c751e8b465ee728b)
Start importing Assets/Decimate/Grid Master/URP/Materials/GM-Grid-01-URP.mat using Guid(c6febd709b56648c293143b559ca2250) Importer(815301076,1909f56bfc062723c751e8b465ee728b) (PreviewImporter) -> (artifact id: '6fda5f478be8ddb0300dff232253caa6') in 1.4357183 seconds
Number of updated asset objects reloaded before import = 0Number of asset objects unloaded after import = 12

========================================================================
Received Import Request.
  Time since last request: 0.000058 seconds.
  path: Assets/Decimate/Grid Master/URP/Materials/GM-Grid-10-URP.mat
  artifactKey: Guid(02442bace3337404cb2b8245d6e09ede) Importer(815301076,1909f56bfc062723c751e8b465ee728b)
Start importing Assets/Decimate/Grid Master/URP/Materials/GM-Grid-10-URP.mat using Guid(02442bace3337404cb2b8245d6e09ede) Importer(815301076,1909f56bfc062723c751e8b465ee728b) (PreviewImporter) -> (artifact id: '097033625cbc5eff7251a42fe6ef0d46') in 0.0517217 seconds
Number of updated asset objects reloaded before import = 0Number of asset objects unloaded after import = 10

========================================================================
Received Import Request.
  Time since last request: 0.000047 seconds.
  path: Assets/Decimate/Grid Master/URP/Materials/GM-Grid-24-URP.mat
  artifactKey: Guid(304daaf7596164fb8b56c3b012327f24) Importer(815301076,1909f56bfc062723c751e8b465ee728b)
Start importing Assets/Decimate/Grid Master/URP/Materials/GM-Grid-24-URP.mat using Guid(304daaf7596164fb8b56c3b012327f24) Importer(815301076,1909f56bfc062723c751e8b465ee728b) (PreviewImporter) -> (artifact id: 'dea096173fb99cb8e4debeac59164da2') in 0.0396814 seconds
Number of updated asset objects reloaded before import = 0Number of asset objects unloaded after import = 9

========================================================================
Received Import Request.
  Time since last request: 0.000029 seconds.
  path: Assets/Decimate/Grid Master/URP/Materials/GM-Grid-04-URP.mat
  artifactKey: Guid(34d5d83009c3e484f8fc28bc2b391f0b) Importer(815301076,1909f56bfc062723c751e8b465ee728b)
Start importing Assets/Decimate/Grid Master/URP/Materials/GM-Grid-04-URP.mat using Guid(34d5d83009c3e484f8fc28bc2b391f0b) Importer(815301076,1909f56bfc062723c751e8b465ee728b) (PreviewImporter) -> (artifact id: 'cf88f913f0afdef3a978233b5e9285ba') in 0.0410142 seconds
Number of updated asset objects reloaded before import = 0Number of asset objects unloaded after import = 9

========================================================================
Received Import Request.
  Time since last request: 0.000023 seconds.
  path: Assets/Decimate/Grid Master/URP/Materials/GM-Grid-08-URP.mat
  artifactKey: Guid(ecf30f7dfb4cb4412b78cb35f5c6db80) Importer(815301076,1909f56bfc062723c751e8b465ee728b)
Start importing Assets/Decimate/Grid Master/URP/Materials/GM-Grid-08-URP.mat using Guid(ecf30f7dfb4cb4412b78cb35f5c6db80) Importer(815301076,1909f56bfc062723c751e8b465ee728b) (PreviewImporter) -> (artifact id: 'bd27d4247ad3cc8d87d0ce2a17d37ba6') in 0.0403859 seconds
Number of updated asset objects reloaded before import = 0Number of asset objects unloaded after import = 9

========================================================================
Received Import Request.
  Time since last request: 0.000032 seconds.
  path: Assets/Decimate/Grid Master/URP/Materials/GM-Grid-11-URP.mat
  artifactKey: Guid(29cf8824e3d794736b331aa031ccfade) Importer(815301076,1909f56bfc062723c751e8b465ee728b)
Start importing Assets/Decimate/Grid Master/URP/Materials/GM-Grid-11-URP.mat using Guid(29cf8824e3d794736b331aa031ccfade) Importer(815301076,1909f56bfc062723c751e8b465ee728b) (PreviewImporter) -> (artifact id: 'c6780b0ba1e149ab29480a301ae2ded6') in 0.8655244 seconds
Number of updated asset objects reloaded before import = 0Number of asset objects unloaded after import = 9

========================================================================
Received Prepare
Begin MonoManager ReloadAssembly
- Loaded All Assemblies, in  0.657 seconds
Refreshing native plugins compatible for Editor in 0.26 ms, found 2 plugins.
Native extension for Android target not found
Native extension for UWP target not found
Native extension for WindowsStandalone target not found
Native extension for WebGL target not found
[MODES] ModeService[none].Initialize
[MODES] ModeService[none].LoadModes
Mono: successfully reloaded assembly
- Finished resetting the current domain, in  0.810 seconds
Domain Reload Profiling: 1467ms
	BeginReloadAssembly (194ms)
		ExecutionOrderSort (0ms)
		DisableScriptedObjects (19ms)
		BackupInstance (0ms)
		ReleaseScriptingObjects (0ms)
		CreateAndSetChildDomain (56ms)
	RebuildCommonClasses (31ms)
	RebuildNativeTypeToScriptingClass (11ms)
	initialDomainReloadingComplete (25ms)
	LoadAllAssembliesAndSetupDomain (396ms)
		LoadAssemblies (332ms)
		RebuildTransferFunctionScriptingTraits (0ms)
		AnalyzeDomain (148ms)
			TypeCache.Refresh (6ms)
				TypeCache.ScanAssembly (0ms)
			BuildScriptInfoCaches (132ms)
			ResolveRequiredComponents (7ms)
	FinalizeReload (811ms)
		ReleaseScriptCaches (0ms)
		RebuildScriptCaches (0ms)
		SetupLoadedEditorAssemblies (655ms)
			LogAssemblyErrors (0ms)
			InitializePlatformSupportModulesInManaged (14ms)
			SetLoadedEditorAssemblies (5ms)
			BeforeProcessingInitializeOnLoad (132ms)
			ProcessInitializeOnLoadAttributes (407ms)
			ProcessInitializeOnLoadMethodAttributes (92ms)
			AfterProcessingInitializeOnLoad (4ms)
			EditorAssembliesLoaded (0ms)
		ExecutionOrderSort2 (0ms)
		AwakeInstancesAfterBackupRestoration (13ms)
Refreshing native plugins compatible for Editor in 0.44 ms, found 2 plugins.
Preloading 0 native plugins for Editor in 0.00 ms.
Unloading 82 Unused Serialized files (Serialized files now loaded: 0)
Unloading 4767 unused Assets / (9.2 MB). Loaded Objects now: 5463.
Memory consumption went from 154.2 MB to 145.0 MB.
Total: 11.926400 ms (FindLiveObjects: 0.454900 ms CreateObjectMapping: 0.627500 ms MarkObjects: 5.807200 ms  DeleteObjects: 5.035200 ms)

Prepare: number of updated asset objects reloaded= 0
========================================================================
Received Import Request.
  Time since last request: 94.901264 seconds.
  path: Assets/Decimate/Grid Master/FBX/GM-Arch.fbx
  artifactKey: Guid(48120bce6f38440308654b36ecddead8) Importer(815301076,1909f56bfc062723c751e8b465ee728b)
Start importing Assets/Decimate/Grid Master/FBX/GM-Arch.fbx using Guid(48120bce6f38440308654b36ecddead8) Importer(815301076,1909f56bfc062723c751e8b465ee728b) (PreviewImporter) -> (artifact id: 'd9532d2017acfd86832ff2ce7682ecff') in 0.4204916 seconds
Number of updated asset objects reloaded before import = 0Number of asset objects unloaded after import = 11

========================================================================
Received Import Request.
  Time since last request: 0.000027 seconds.
  path: Assets/Decimate/Grid Master/FBX/GM-Stairs.fbx
  artifactKey: Guid(6373f730dd4344e11838d327cc44a7ff) Importer(815301076,1909f56bfc062723c751e8b465ee728b)
Start importing Assets/Decimate/Grid Master/FBX/GM-Stairs.fbx using Guid(6373f730dd4344e11838d327cc44a7ff) Importer(815301076,1909f56bfc062723c751e8b465ee728b) (PreviewImporter) -> (artifact id: '6da8956cf5c12c41079896145accd627') in 0.0163894 seconds
Number of updated asset objects reloaded before import = 0Number of asset objects unloaded after import = 8

========================================================================
Received Import Request.
  Time since last request: 0.000035 seconds.
  path: Assets/Decimate/Grid Master/FBX/GM-Wing.fbx
  artifactKey: Guid(1a197764e9f6c4839b2b7381b727e011) Importer(815301076,1909f56bfc062723c751e8b465ee728b)
Start importing Assets/Decimate/Grid Master/FBX/GM-Wing.fbx using Guid(1a197764e9f6c4839b2b7381b727e011) Importer(815301076,1909f56bfc062723c751e8b465ee728b) (PreviewImporter) -> (artifact id: '03e04072092504b50faf83288b6ede0d') in 0.0140874 seconds
Number of updated asset objects reloaded before import = 0Number of asset objects unloaded after import = 8

========================================================================
Received Import Request.
  Time since last request: 0.000025 seconds.
  path: Assets/Decimate/Grid Master/FBX/GM-Ramp.fbx
  artifactKey: Guid(39e2a36d9eb154d39b77fc97095043cf) Importer(815301076,1909f56bfc062723c751e8b465ee728b)
Start importing Assets/Decimate/Grid Master/FBX/GM-Ramp.fbx using Guid(39e2a36d9eb154d39b77fc97095043cf) Importer(815301076,1909f56bfc062723c751e8b465ee728b) (PreviewImporter) -> (artifact id: 'b801a8c5d1dd0929192303a53b6c8b2f') in 0.0181746 seconds
Number of updated asset objects reloaded before import = 0Number of asset objects unloaded after import = 8

========================================================================
Received Import Request.
  Time since last request: 0.000027 seconds.
  path: Assets/Decimate/Grid Master/FBX/GM-Grid.fbx
  artifactKey: Guid(ff7929109cf894795a8c04151878ec6b) Importer(815301076,1909f56bfc062723c751e8b465ee728b)
Start importing Assets/Decimate/Grid Master/FBX/GM-Grid.fbx using Guid(ff7929109cf894795a8c04151878ec6b) Importer(815301076,1909f56bfc062723c751e8b465ee728b) (PreviewImporter) -> (artifact id: '8c828945006d524c2e84282c02d9e3f8') in 0.015062 seconds
Number of updated asset objects reloaded before import = 0Number of asset objects unloaded after import = 8

========================================================================
Received Import Request.
  Time since last request: 0.000021 seconds.
  path: Assets/Decimate/Grid Master/FBX/GM-Plinth.fbx
  artifactKey: Guid(4f12cf077dba941bb89d33afd2e777ed) Importer(815301076,1909f56bfc062723c751e8b465ee728b)
Start importing Assets/Decimate/Grid Master/FBX/GM-Plinth.fbx using Guid(4f12cf077dba941bb89d33afd2e777ed) Importer(815301076,1909f56bfc062723c751e8b465ee728b) (PreviewImporter) -> (artifact id: 'cbad2af84d3aef86b264c5dbd468a061') in 0.0138102 seconds
Number of updated asset objects reloaded before import = 0Number of asset objects unloaded after import = 8

========================================================================
Received Import Request.
  Time since last request: 0.000025 seconds.
  path: Assets/Decimate/Grid Master/FBX/GM-Beam.fbx
  artifactKey: Guid(45b4b6bd3a2524be48a890978b093170) Importer(815301076,1909f56bfc062723c751e8b465ee728b)
Start importing Assets/Decimate/Grid Master/FBX/GM-Beam.fbx using Guid(45b4b6bd3a2524be48a890978b093170) Importer(815301076,1909f56bfc062723c751e8b465ee728b) (PreviewImporter) -> (artifact id: 'ca5336f17892881409c93ccbb17a6bf1') in 0.0129322 seconds
Number of updated asset objects reloaded before import = 0Number of asset objects unloaded after import = 8

========================================================================
Received Import Request.
  Time since last request: 0.000021 seconds.
  path: Assets/Decimate/Grid Master/FBX/GM-Slope.fbx
  artifactKey: Guid(46eb13d012dcb4088a39a3aeded0a146) Importer(815301076,1909f56bfc062723c751e8b465ee728b)
Start importing Assets/Decimate/Grid Master/FBX/GM-Slope.fbx using Guid(46eb13d012dcb4088a39a3aeded0a146) Importer(815301076,1909f56bfc062723c751e8b465ee728b) (PreviewImporter) -> (artifact id: 'b01337964d88f6d7cfc63334b8674d77') in 0.0137881 seconds
Number of updated asset objects reloaded before import = 0Number of asset objects unloaded after import = 8

========================================================================
Received Import Request.
  Time since last request: 0.000025 seconds.
  path: Assets/Decimate/Grid Master/FBX/GM-Obelisk.fbx
  artifactKey: Guid(e85b83bb6c25b447aaefd471b89484c0) Importer(815301076,1909f56bfc062723c751e8b465ee728b)
Start importing Assets/Decimate/Grid Master/FBX/GM-Obelisk.fbx using Guid(e85b83bb6c25b447aaefd471b89484c0) Importer(815301076,1909f56bfc062723c751e8b465ee728b) (PreviewImporter) -> (artifact id: 'e8fd40e98760aeec05a0a95cba734fc5') in 0.0141042 seconds
Number of updated asset objects reloaded before import = 0Number of asset objects unloaded after import = 8

========================================================================
Received Import Request.
  Time since last request: 0.000022 seconds.
  path: Assets/Decimate/Grid Master/FBX/GM-Cube.fbx
  artifactKey: Guid(c309a31e5f4054a089be7f256a3443df) Importer(815301076,1909f56bfc062723c751e8b465ee728b)
Start importing Assets/Decimate/Grid Master/FBX/GM-Cube.fbx using Guid(c309a31e5f4054a089be7f256a3443df) Importer(815301076,1909f56bfc062723c751e8b465ee728b) (PreviewImporter) -> (artifact id: '4025fb7f3712e4f7008cc38cb2860f8c') in 0.0150022 seconds
Number of updated asset objects reloaded before import = 0Number of asset objects unloaded after import = 8

========================================================================
Received Import Request.
  Time since last request: 0.000044 seconds.
  path: Assets/Decimate/Grid Master/FBX/GM-Steps.fbx
  artifactKey: Guid(f93effed1de2a45d491562cf7b390497) Importer(815301076,1909f56bfc062723c751e8b465ee728b)
Start importing Assets/Decimate/Grid Master/FBX/GM-Steps.fbx using Guid(f93effed1de2a45d491562cf7b390497) Importer(815301076,1909f56bfc062723c751e8b465ee728b) (PreviewImporter) -> (artifact id: 'd502e119d73fe5253911386172036dd4') in 0.0162489 seconds
Number of updated asset objects reloaded before import = 0Number of asset objects unloaded after import = 8

========================================================================
Received Import Request.
  Time since last request: 0.000024 seconds.
  path: Assets/Decimate/Grid Master/FBX/GM-Corner.fbx
  artifactKey: Guid(f11508fdb9ec94e628f639a31d56902a) Importer(815301076,1909f56bfc062723c751e8b465ee728b)
Start importing Assets/Decimate/Grid Master/FBX/GM-Corner.fbx using Guid(f11508fdb9ec94e628f639a31d56902a) Importer(815301076,1909f56bfc062723c751e8b465ee728b) (PreviewImporter) -> (artifact id: 'e021b9704d48dae2b2212e4e3c1e49fc') in 0.0166317 seconds
Number of updated asset objects reloaded before import = 0Number of asset objects unloaded after import = 8

========================================================================
Received Import Request.
  Time since last request: 0.000023 seconds.
  path: Assets/Decimate/Grid Master/FBX/GM-Gear.fbx
  artifactKey: Guid(2ec921c2166db4355a0d0d5ea1385ebe) Importer(815301076,1909f56bfc062723c751e8b465ee728b)
Start importing Assets/Decimate/Grid Master/FBX/GM-Gear.fbx using Guid(2ec921c2166db4355a0d0d5ea1385ebe) Importer(815301076,1909f56bfc062723c751e8b465ee728b) (PreviewImporter) -> (artifact id: '0131adc266c8a9d528c3a7324b1ac9a5') in 0.0172616 seconds
Number of updated asset objects reloaded before import = 0Number of asset objects unloaded after import = 8

========================================================================
Received Prepare
Begin MonoManager ReloadAssembly
- Loaded All Assemblies, in  0.757 seconds
Refreshing native plugins compatible for Editor in 0.22 ms, found 2 plugins.
Native extension for Android target not found
Native extension for UWP target not found
Native extension for WindowsStandalone target not found
Native extension for WebGL target not found
[MODES] ModeService[none].Initialize
[MODES] ModeService[none].LoadModes
Mono: successfully reloaded assembly
- Finished resetting the current domain, in  0.897 seconds
Domain Reload Profiling: 1654ms
	BeginReloadAssembly (245ms)
		ExecutionOrderSort (0ms)
		DisableScriptedObjects (18ms)
		BackupInstance (0ms)
		ReleaseScriptingObjects (0ms)
		CreateAndSetChildDomain (92ms)
	RebuildCommonClasses (38ms)
	RebuildNativeTypeToScriptingClass (8ms)
	initialDomainReloadingComplete (27ms)
	LoadAllAssembliesAndSetupDomain (437ms)
		LoadAssemblies (343ms)
		RebuildTransferFunctionScriptingTraits (0ms)
		AnalyzeDomain (187ms)
			TypeCache.Refresh (6ms)
				TypeCache.ScanAssembly (0ms)
			BuildScriptInfoCaches (163ms)
			ResolveRequiredComponents (12ms)
	FinalizeReload (898ms)
		ReleaseScriptCaches (0ms)
		RebuildScriptCaches (0ms)
		SetupLoadedEditorAssemblies (738ms)
			LogAssemblyErrors (0ms)
			InitializePlatformSupportModulesInManaged (15ms)
			SetLoadedEditorAssemblies (6ms)
			BeforeProcessingInitializeOnLoad (148ms)
			ProcessInitializeOnLoadAttributes (476ms)
			ProcessInitializeOnLoadMethodAttributes (88ms)
			AfterProcessingInitializeOnLoad (5ms)
			EditorAssembliesLoaded (0ms)
		ExecutionOrderSort2 (0ms)
		AwakeInstancesAfterBackupRestoration (13ms)
Refreshing native plugins compatible for Editor in 0.45 ms, found 2 plugins.
Preloading 0 native plugins for Editor in 0.00 ms.
Unloading 70 Unused Serialized files (Serialized files now loaded: 0)
Unloading 4768 unused Assets / (9.5 MB). Loaded Objects now: 5488.
Memory consumption went from 152.2 MB to 142.6 MB.
Total: 17.794800 ms (FindLiveObjects: 0.637200 ms CreateObjectMapping: 1.176200 ms MarkObjects: 7.243200 ms  DeleteObjects: 8.736700 ms)

Prepare: number of updated asset objects reloaded= 0
Editor requested this worker to shutdown with reason: Scaling down because of idle timeout
AssetImportWorker is now disconnected from the server
Process exiting
Exiting without the bug reporter. Application will terminate with return code 0