Using pre-set license
Built from '6000.0/staging' branch; Version is '6000.0.34f1 (5ab2d9ed9190) revision 5944025'; Using compiler version '193933523'; Build Type 'Release'
OS: 'Windows 11  (10.0.26100) 64bit Professional' Language: 'es' Physical Memory: 65377 MB
BatchMode: 1, IsHumanControllingUs: 0, StartBugReporterOnCrash: 0, Is64bit: 1, IsPro: 1

COMMAND LINE ARGUMENTS:
C:\Program Files\Unity\Hub\Editor\6000.0.34f1\Editor\Unity.exe
-adb2
-batchMode
-noUpm
-name
AssetImportWorker9
-projectPath
E:/Unity Projects/Experiencia FA 2
-logFile
Logs/AssetImportWorker9.log
-srvPort
53854
-job-worker-count
7
-background-job-worker-count
8
-gc-helper-count
1
Successfully changed project path to: E:/Unity Projects/Experiencia FA 2
E:/Unity Projects/Experiencia FA 2
[UnityMemory] Configuration Parameters - Can be set up in boot.config
    "memorysetup-bucket-allocator-granularity=16"
    "memorysetup-bucket-allocator-bucket-count=8"
    "memorysetup-bucket-allocator-block-size=33554432"
    "memorysetup-bucket-allocator-block-count=8"
    "memorysetup-main-allocator-block-size=16777216"
    "memorysetup-thread-allocator-block-size=16777216"
    "memorysetup-gfx-main-allocator-block-size=16777216"
    "memorysetup-gfx-thread-allocator-block-size=16777216"
    "memorysetup-cache-allocator-block-size=4194304"
    "memorysetup-typetree-allocator-block-size=2097152"
    "memorysetup-profiler-bucket-allocator-granularity=16"
    "memorysetup-profiler-bucket-allocator-bucket-count=8"
    "memorysetup-profiler-bucket-allocator-block-size=33554432"
    "memorysetup-profiler-bucket-allocator-block-count=8"
    "memorysetup-profiler-allocator-block-size=16777216"
    "memorysetup-profiler-editor-allocator-block-size=1048576"
    "memorysetup-temp-allocator-size-main=16777216"
    "memorysetup-job-temp-allocator-block-size=2097152"
    "memorysetup-job-temp-allocator-block-size-background=1048576"
    "memorysetup-job-temp-allocator-reduction-small-platforms=262144"
    "memorysetup-allocator-temp-initial-block-size-main=262144"
    "memorysetup-allocator-temp-initial-block-size-worker=262144"
    "memorysetup-temp-allocator-size-background-worker=32768"
    "memorysetup-temp-allocator-size-job-worker=262144"
    "memorysetup-temp-allocator-size-preload-manager=33554432"
    "memorysetup-temp-allocator-size-nav-mesh-worker=65536"
    "memorysetup-temp-allocator-size-audio-worker=65536"
    "memorysetup-temp-allocator-size-cloud-worker=32768"
    "memorysetup-temp-allocator-size-gi-baking-worker=262144"
    "memorysetup-temp-allocator-size-gi-baking-worker=262144"
    "memorysetup-temp-allocator-size-gi-baking-worker=262144"
    "memorysetup-temp-allocator-size-gi-baking-worker=262144"
    "memorysetup-temp-allocator-size-gi-baking-worker=262144"
    "memorysetup-temp-allocator-size-gfx=262144"
Player connection [27860]  Target information:

Player connection [27860]  * "[IP] 192.168.1.35 [Port] 0 [Flags] 2 [Guid] 1520393391 [EditorId] 1520393391 [Version] 1048832 [Id] WindowsEditor(7,DESKTOP-MB2GKBT) [Debug] 1 [PackageName] WindowsEditor [ProjectName] Editor" 

Player connection [27860]  * "[IP] 172.31.240.1 [Port] 0 [Flags] 2 [Guid] 1520393391 [EditorId] 1520393391 [Version] 1048832 [Id] WindowsEditor(7,DESKTOP-MB2GKBT) [Debug] 1 [PackageName] WindowsEditor [ProjectName] Editor" 

Player connection [27860] Host joined multi-casting on [225.0.0.222:54997]...
Player connection [27860] Host joined alternative multi-casting on [225.0.0.222:34997]...
JobSystem: Creating JobQueue using job-worker-count value 7
Input System module state changed to: Initialized.
[Physics::Module] Initialized fallback backend.
[Physics::Module] Id: 0xdecafbad
Library Redirect Path: Library/
[Physics::Module] Selected backend.
[Physics::Module] Name: PhysX
[Physics::Module] Id: 0xf2b8ea05
[Physics::Module] SDK Version: 4.1.2
[Physics::Module] Integration Version: 1.0.0
[Physics::Module] Threading Mode: Multi-Threaded
Refreshing native plugins compatible for Editor in 0.82 ms, found 2 plugins.
Preloading 0 native plugins for Editor in 0.00 ms.
Initialize engine version: 6000.0.34f1 (5ab2d9ed9190)
[Subsystems] Discovering subsystems at path C:/Program Files/Unity/Hub/Editor/6000.0.34f1/Editor/Data/Resources/UnitySubsystems
[Subsystems] Discovering subsystems at path E:/Unity Projects/Experiencia FA 2/Assets
GfxDevice: creating device client; kGfxThreadingModeNonThreaded
Direct3D:
    Version:  Direct3D 11.0 [level 11.1]
    Renderer: NVIDIA GeForce RTX 3090 (ID=0x2204)
    Vendor:   NVIDIA
    VRAM:     24326 MB
    Driver:   32.0.15.7680
Initialize mono
Mono path[0] = 'C:/Program Files/Unity/Hub/Editor/6000.0.34f1/Editor/Data/Managed'
Mono path[1] = 'C:/Program Files/Unity/Hub/Editor/6000.0.34f1/Editor/Data/MonoBleedingEdge/lib/mono/unityjit-win32'
Mono config path = 'C:/Program Files/Unity/Hub/Editor/6000.0.34f1/Editor/Data/MonoBleedingEdge/etc'
Using monoOptions --debugger-agent=transport=dt_socket,embedding=1,server=y,suspend=n,address=127.0.0.1:56320
Begin MonoManager ReloadAssembly
Registering precompiled unity dll's ...
Register platform support module: C:/Program Files/Unity/Hub/Editor/6000.0.34f1/Editor/Data/PlaybackEngines/WebGLSupport/UnityEditor.WebGL.Extensions.dll
Register platform support module: C:/Program Files/Unity/Hub/Editor/6000.0.34f1/Editor/Data/PlaybackEngines/WindowsStandaloneSupport/UnityEditor.WindowsStandalone.Extensions.dll
Register platform support module: C:/Program Files/Unity/Hub/Editor/6000.0.34f1/Editor/Data/PlaybackEngines/MetroSupport/UnityEditor.UWP.Extensions.dll
Register platform support module: C:/Program Files/Unity/Hub/Editor/6000.0.34f1/Editor/Data/PlaybackEngines/AndroidPlayer/UnityEditor.Android.Extensions.dll
Registered in 0.005619 seconds.
- Loaded All Assemblies, in  0.370 seconds
Native extension for Android target not found
Android Extension - Scanning For ADB Devices 199 ms
Native extension for UWP target not found
Native extension for WindowsStandalone target not found
Native extension for WebGL target not found
Mono: successfully reloaded assembly
- Finished resetting the current domain, in  0.484 seconds
Domain Reload Profiling: 852ms
	BeginReloadAssembly (120ms)
		ExecutionOrderSort (0ms)
		DisableScriptedObjects (0ms)
		BackupInstance (0ms)
		ReleaseScriptingObjects (0ms)
		CreateAndSetChildDomain (1ms)
	RebuildCommonClasses (36ms)
	RebuildNativeTypeToScriptingClass (12ms)
	initialDomainReloadingComplete (47ms)
	LoadAllAssembliesAndSetupDomain (154ms)
		LoadAssemblies (119ms)
		RebuildTransferFunctionScriptingTraits (0ms)
		AnalyzeDomain (150ms)
			TypeCache.Refresh (148ms)
				TypeCache.ScanAssembly (138ms)
			BuildScriptInfoCaches (0ms)
			ResolveRequiredComponents (0ms)
	FinalizeReload (484ms)
		ReleaseScriptCaches (0ms)
		RebuildScriptCaches (0ms)
		SetupLoadedEditorAssemblies (454ms)
			LogAssemblyErrors (0ms)
			InitializePlatformSupportModulesInManaged (265ms)
			SetLoadedEditorAssemblies (3ms)
			BeforeProcessingInitializeOnLoad (39ms)
			ProcessInitializeOnLoadAttributes (99ms)
			ProcessInitializeOnLoadMethodAttributes (48ms)
			AfterProcessingInitializeOnLoad (0ms)
			EditorAssembliesLoaded (0ms)
		ExecutionOrderSort2 (0ms)
		AwakeInstancesAfterBackupRestoration (0ms)
========================================================================
Worker process is ready to serve import requests
Import Worker Mode flag is 0x00
Begin MonoManager ReloadAssembly
- Loaded All Assemblies, in  0.611 seconds
Refreshing native plugins compatible for Editor in 0.27 ms, found 2 plugins.
Native extension for Android target not found
Native extension for UWP target not found
Native extension for WindowsStandalone target not found
Native extension for WebGL target not found
[MODES] ModeService[none].Initialize
[MODES] ModeService[none].LoadModes
[MODES] Loading mode Default (0) for mode-current-id-Experiencia FA 2
Mono: successfully reloaded assembly
- Finished resetting the current domain, in  0.790 seconds
Domain Reload Profiling: 1399ms
	BeginReloadAssembly (132ms)
		ExecutionOrderSort (0ms)
		DisableScriptedObjects (4ms)
		BackupInstance (0ms)
		ReleaseScriptingObjects (0ms)
		CreateAndSetChildDomain (26ms)
	RebuildCommonClasses (28ms)
	RebuildNativeTypeToScriptingClass (12ms)
	initialDomainReloadingComplete (29ms)
	LoadAllAssembliesAndSetupDomain (408ms)
		LoadAssemblies (301ms)
		RebuildTransferFunctionScriptingTraits (0ms)
		AnalyzeDomain (187ms)
			TypeCache.Refresh (133ms)
				TypeCache.ScanAssembly (118ms)
			BuildScriptInfoCaches (41ms)
			ResolveRequiredComponents (9ms)
	FinalizeReload (790ms)
		ReleaseScriptCaches (0ms)
		RebuildScriptCaches (0ms)
		SetupLoadedEditorAssemblies (675ms)
			LogAssemblyErrors (0ms)
			InitializePlatformSupportModulesInManaged (11ms)
			SetLoadedEditorAssemblies (6ms)
			BeforeProcessingInitializeOnLoad (131ms)
			ProcessInitializeOnLoadAttributes (395ms)
			ProcessInitializeOnLoadMethodAttributes (130ms)
			AfterProcessingInitializeOnLoad (3ms)
			EditorAssembliesLoaded (0ms)
		ExecutionOrderSort2 (0ms)
		AwakeInstancesAfterBackupRestoration (5ms)
Launched and connected shader compiler UnityShaderCompiler.exe after 0.01 seconds
Refreshing native plugins compatible for Editor in 0.39 ms, found 2 plugins.
Preloading 0 native plugins for Editor in 0.00 ms.
Unloading 232 Unused Serialized files (Serialized files now loaded: 0)
Unloading 4769 unused Assets / (9.6 MB). Loaded Objects now: 5380.
Memory consumption went from 153.5 MB to 144.0 MB.
Total: 11.810500 ms (FindLiveObjects: 0.774200 ms CreateObjectMapping: 0.533800 ms MarkObjects: 5.998100 ms  DeleteObjects: 4.503400 ms)

========================================================================
Received Prepare
Begin MonoManager ReloadAssembly
- Loaded All Assemblies, in  0.707 seconds
Refreshing native plugins compatible for Editor in 0.27 ms, found 2 plugins.
Native extension for Android target not found
Native extension for UWP target not found
Native extension for WindowsStandalone target not found
Native extension for WebGL target not found
[MODES] ModeService[none].Initialize
[MODES] ModeService[none].LoadModes
Mono: successfully reloaded assembly
- Finished resetting the current domain, in  0.855 seconds
Domain Reload Profiling: 1562ms
	BeginReloadAssembly (221ms)
		ExecutionOrderSort (0ms)
		DisableScriptedObjects (8ms)
		BackupInstance (0ms)
		ReleaseScriptingObjects (0ms)
		CreateAndSetChildDomain (72ms)
	RebuildCommonClasses (27ms)
	RebuildNativeTypeToScriptingClass (9ms)
	initialDomainReloadingComplete (22ms)
	LoadAllAssembliesAndSetupDomain (427ms)
		LoadAssemblies (343ms)
		RebuildTransferFunctionScriptingTraits (0ms)
		AnalyzeDomain (180ms)
			TypeCache.Refresh (7ms)
				TypeCache.ScanAssembly (0ms)
			BuildScriptInfoCaches (159ms)
			ResolveRequiredComponents (9ms)
	FinalizeReload (856ms)
		ReleaseScriptCaches (0ms)
		RebuildScriptCaches (0ms)
		SetupLoadedEditorAssemblies (698ms)
			LogAssemblyErrors (0ms)
			InitializePlatformSupportModulesInManaged (12ms)
			SetLoadedEditorAssemblies (4ms)
			BeforeProcessingInitializeOnLoad (127ms)
			ProcessInitializeOnLoadAttributes (463ms)
			ProcessInitializeOnLoadMethodAttributes (88ms)
			AfterProcessingInitializeOnLoad (4ms)
			EditorAssembliesLoaded (0ms)
		ExecutionOrderSort2 (0ms)
		AwakeInstancesAfterBackupRestoration (12ms)
Refreshing native plugins compatible for Editor in 0.48 ms, found 2 plugins.
Preloading 0 native plugins for Editor in 0.00 ms.
Unloading 80 Unused Serialized files (Serialized files now loaded: 0)
Unloading 4766 unused Assets / (9.6 MB). Loaded Objects now: 5395.
Memory consumption went from 144.3 MB to 134.8 MB.
Total: 14.805600 ms (FindLiveObjects: 0.825300 ms CreateObjectMapping: 0.702900 ms MarkObjects: 7.206800 ms  DeleteObjects: 6.068100 ms)

Prepare: number of updated asset objects reloaded= 0
========================================================================
Received Prepare
Begin MonoManager ReloadAssembly
- Loaded All Assemblies, in  0.624 seconds
Refreshing native plugins compatible for Editor in 0.21 ms, found 2 plugins.
Native extension for Android target not found
Native extension for UWP target not found
Native extension for WindowsStandalone target not found
Native extension for WebGL target not found
[MODES] ModeService[none].Initialize
[MODES] ModeService[none].LoadModes
Mono: successfully reloaded assembly
- Finished resetting the current domain, in  0.822 seconds
Domain Reload Profiling: 1447ms
	BeginReloadAssembly (172ms)
		ExecutionOrderSort (0ms)
		DisableScriptedObjects (5ms)
		BackupInstance (0ms)
		ReleaseScriptingObjects (0ms)
		CreateAndSetChildDomain (49ms)
	RebuildCommonClasses (29ms)
	RebuildNativeTypeToScriptingClass (13ms)
	initialDomainReloadingComplete (21ms)
	LoadAllAssembliesAndSetupDomain (389ms)
		LoadAssemblies (297ms)
		RebuildTransferFunctionScriptingTraits (0ms)
		AnalyzeDomain (171ms)
			TypeCache.Refresh (5ms)
				TypeCache.ScanAssembly (0ms)
			BuildScriptInfoCaches (153ms)
			ResolveRequiredComponents (8ms)
	FinalizeReload (823ms)
		ReleaseScriptCaches (0ms)
		RebuildScriptCaches (0ms)
		SetupLoadedEditorAssemblies (667ms)
			LogAssemblyErrors (0ms)
			InitializePlatformSupportModulesInManaged (14ms)
			SetLoadedEditorAssemblies (6ms)
			BeforeProcessingInitializeOnLoad (124ms)
			ProcessInitializeOnLoadAttributes (433ms)
			ProcessInitializeOnLoadMethodAttributes (84ms)
			AfterProcessingInitializeOnLoad (4ms)
			EditorAssembliesLoaded (0ms)
		ExecutionOrderSort2 (0ms)
		AwakeInstancesAfterBackupRestoration (12ms)
Refreshing native plugins compatible for Editor in 0.45 ms, found 2 plugins.
Preloading 0 native plugins for Editor in 0.00 ms.
Unloading 70 Unused Serialized files (Serialized files now loaded: 0)
Unloading 4766 unused Assets / (9.6 MB). Loaded Objects now: 5397.
Memory consumption went from 142.4 MB to 132.8 MB.
Total: 12.137900 ms (FindLiveObjects: 0.426700 ms CreateObjectMapping: 0.414300 ms MarkObjects: 6.155200 ms  DeleteObjects: 5.139900 ms)

Prepare: number of updated asset objects reloaded= 0
========================================================================
Received Prepare
Begin MonoManager ReloadAssembly
- Loaded All Assemblies, in  0.637 seconds
Refreshing native plugins compatible for Editor in 0.39 ms, found 2 plugins.
Native extension for Android target not found
Native extension for UWP target not found
Native extension for WindowsStandalone target not found
Native extension for WebGL target not found
[MODES] ModeService[none].Initialize
[MODES] ModeService[none].LoadModes
Mono: successfully reloaded assembly
- Finished resetting the current domain, in  0.817 seconds
Domain Reload Profiling: 1453ms
	BeginReloadAssembly (185ms)
		ExecutionOrderSort (0ms)
		DisableScriptedObjects (4ms)
		BackupInstance (0ms)
		ReleaseScriptingObjects (0ms)
		CreateAndSetChildDomain (51ms)
	RebuildCommonClasses (33ms)
	RebuildNativeTypeToScriptingClass (9ms)
	initialDomainReloadingComplete (20ms)
	LoadAllAssembliesAndSetupDomain (389ms)
		LoadAssemblies (329ms)
		RebuildTransferFunctionScriptingTraits (0ms)
		AnalyzeDomain (151ms)
			TypeCache.Refresh (5ms)
				TypeCache.ScanAssembly (0ms)
			BuildScriptInfoCaches (131ms)
			ResolveRequiredComponents (11ms)
	FinalizeReload (817ms)
		ReleaseScriptCaches (0ms)
		RebuildScriptCaches (0ms)
		SetupLoadedEditorAssemblies (651ms)
			LogAssemblyErrors (0ms)
			InitializePlatformSupportModulesInManaged (13ms)
			SetLoadedEditorAssemblies (6ms)
			BeforeProcessingInitializeOnLoad (132ms)
			ProcessInitializeOnLoadAttributes (417ms)
			ProcessInitializeOnLoadMethodAttributes (79ms)
			AfterProcessingInitializeOnLoad (4ms)
			EditorAssembliesLoaded (0ms)
		ExecutionOrderSort2 (0ms)
		AwakeInstancesAfterBackupRestoration (12ms)
Refreshing native plugins compatible for Editor in 0.50 ms, found 2 plugins.
Preloading 0 native plugins for Editor in 0.00 ms.
Unloading 70 Unused Serialized files (Serialized files now loaded: 0)
Unloading 4766 unused Assets / (9.9 MB). Loaded Objects now: 5399.
Memory consumption went from 142.5 MB to 132.5 MB.
Total: 14.412400 ms (FindLiveObjects: 0.724900 ms CreateObjectMapping: 0.561300 ms MarkObjects: 6.199600 ms  DeleteObjects: 6.924700 ms)

Prepare: number of updated asset objects reloaded= 0
========================================================================
Received Prepare
Begin MonoManager ReloadAssembly
- Loaded All Assemblies, in  0.643 seconds
Refreshing native plugins compatible for Editor in 0.25 ms, found 2 plugins.
Native extension for Android target not found
Native extension for UWP target not found
Native extension for WindowsStandalone target not found
Native extension for WebGL target not found
[MODES] ModeService[none].Initialize
[MODES] ModeService[none].LoadModes
Mono: successfully reloaded assembly
- Finished resetting the current domain, in  0.798 seconds
Domain Reload Profiling: 1441ms
	BeginReloadAssembly (176ms)
		ExecutionOrderSort (0ms)
		DisableScriptedObjects (5ms)
		BackupInstance (0ms)
		ReleaseScriptingObjects (0ms)
		CreateAndSetChildDomain (47ms)
	RebuildCommonClasses (31ms)
	RebuildNativeTypeToScriptingClass (10ms)
	initialDomainReloadingComplete (26ms)
	LoadAllAssembliesAndSetupDomain (400ms)
		LoadAssemblies (313ms)
		RebuildTransferFunctionScriptingTraits (0ms)
		AnalyzeDomain (175ms)
			TypeCache.Refresh (6ms)
				TypeCache.ScanAssembly (0ms)
			BuildScriptInfoCaches (155ms)
			ResolveRequiredComponents (10ms)
	FinalizeReload (798ms)
		ReleaseScriptCaches (0ms)
		RebuildScriptCaches (0ms)
		SetupLoadedEditorAssemblies (658ms)
			LogAssemblyErrors (0ms)
			InitializePlatformSupportModulesInManaged (12ms)
			SetLoadedEditorAssemblies (6ms)
			BeforeProcessingInitializeOnLoad (138ms)
			ProcessInitializeOnLoadAttributes (419ms)
			ProcessInitializeOnLoadMethodAttributes (79ms)
			AfterProcessingInitializeOnLoad (5ms)
			EditorAssembliesLoaded (0ms)
		ExecutionOrderSort2 (0ms)
		AwakeInstancesAfterBackupRestoration (12ms)
Refreshing native plugins compatible for Editor in 0.52 ms, found 2 plugins.
Preloading 0 native plugins for Editor in 0.00 ms.
Unloading 70 Unused Serialized files (Serialized files now loaded: 0)
Unloading 4766 unused Assets / (9.7 MB). Loaded Objects now: 5401.
Memory consumption went from 142.4 MB to 132.7 MB.
Total: 14.617000 ms (FindLiveObjects: 0.491000 ms CreateObjectMapping: 0.868300 ms MarkObjects: 7.368100 ms  DeleteObjects: 5.888000 ms)

Prepare: number of updated asset objects reloaded= 0
========================================================================
Received Import Request.
  Time since last request: 945497.898144 seconds.
  path: Assets/Decimate/Grid Master/Presets/Texture-Import.preset
  artifactKey: Guid(f2c5b7af0e39d48f4beae8a2b1198ddf) Importer(815301076,1909f56bfc062723c751e8b465ee728b)
Start importing Assets/Decimate/Grid Master/Presets/Texture-Import.preset using Guid(f2c5b7af0e39d48f4beae8a2b1198ddf) Importer(815301076,1909f56bfc062723c751e8b465ee728b) (PreviewImporter) -> (artifact id: '52601f2ad953516da61d181e9ab6db9a') in 0.0338783 seconds
Number of updated asset objects reloaded before import = 0Number of asset objects unloaded after import = 1

========================================================================
Received Import Request.
  Time since last request: 0.668397 seconds.
  path: Assets/Decimate/Grid Master/Textures/GM-Checkers-02.png
  artifactKey: Guid(eb865931055dc47ccb7784131a339de2) Importer(815301076,1909f56bfc062723c751e8b465ee728b)
Start importing Assets/Decimate/Grid Master/Textures/GM-Checkers-02.png using Guid(eb865931055dc47ccb7784131a339de2) Importer(815301076,1909f56bfc062723c751e8b465ee728b) (PreviewImporter) -> (artifact id: 'c547ee3583422938997903f733a01f89') in 0.0509233 seconds
Number of updated asset objects reloaded before import = 0Number of asset objects unloaded after import = 2

========================================================================
Received Import Request.
  Time since last request: 0.000010 seconds.
  path: Assets/Decimate/Grid Master/Textures/GM-Pattern-07.png
  artifactKey: Guid(2b2440b1910ed4bb6a835e2d074a9865) Importer(815301076,1909f56bfc062723c751e8b465ee728b)
Start importing Assets/Decimate/Grid Master/Textures/GM-Pattern-07.png using Guid(2b2440b1910ed4bb6a835e2d074a9865) Importer(815301076,1909f56bfc062723c751e8b465ee728b) (PreviewImporter) -> (artifact id: '07203551b7d1207898b63152a95773b9') in 0.0176416 seconds
Number of updated asset objects reloaded before import = 0Number of asset objects unloaded after import = 2

========================================================================
Received Import Request.
  Time since last request: 0.000011 seconds.
  path: Assets/Decimate/Grid Master/Textures/GM-Checkers-04.png
  artifactKey: Guid(c6345fd718a26430682c206c24b2d361) Importer(815301076,1909f56bfc062723c751e8b465ee728b)
Start importing Assets/Decimate/Grid Master/Textures/GM-Checkers-04.png using Guid(c6345fd718a26430682c206c24b2d361) Importer(815301076,1909f56bfc062723c751e8b465ee728b) (PreviewImporter) -> (artifact id: '1e110e6faa4d86b1aa3b1fb5c4361eb6') in 0.0171462 seconds
Number of updated asset objects reloaded before import = 0Number of asset objects unloaded after import = 2

========================================================================
Received Import Request.
  Time since last request: 0.000063 seconds.
  path: Assets/Decimate/Grid Master/Textures/GM-Corners.png
  artifactKey: Guid(c6887aaa858674918a1e3ad2f0ce6e04) Importer(815301076,1909f56bfc062723c751e8b465ee728b)
Start importing Assets/Decimate/Grid Master/Textures/GM-Corners.png using Guid(c6887aaa858674918a1e3ad2f0ce6e04) Importer(815301076,1909f56bfc062723c751e8b465ee728b) (PreviewImporter) -> (artifact id: '50c236ecbca9eb2ac96d3dbb34ce31bb') in 0.0150946 seconds
Number of updated asset objects reloaded before import = 0Number of asset objects unloaded after import = 2

========================================================================
Received Import Request.
  Time since last request: 0.000014 seconds.
  path: Assets/Decimate/Grid Master/Textures/GM-Grid-02.png
  artifactKey: Guid(48cb66963c3c64713948e41b4b215996) Importer(815301076,1909f56bfc062723c751e8b465ee728b)
Start importing Assets/Decimate/Grid Master/Textures/GM-Grid-02.png using Guid(48cb66963c3c64713948e41b4b215996) Importer(815301076,1909f56bfc062723c751e8b465ee728b) (PreviewImporter) -> (artifact id: '7379a04401bfe4101800469f71d95cea') in 0.0126521 seconds
Number of updated asset objects reloaded before import = 0Number of asset objects unloaded after import = 2

========================================================================
Received Import Request.
  Time since last request: 0.000011 seconds.
  path: Assets/Decimate/Grid Master/Textures/GM-Grid-03.png
  artifactKey: Guid(3c33e4fe648904135aaa400a013c4ce3) Importer(815301076,1909f56bfc062723c751e8b465ee728b)
Start importing Assets/Decimate/Grid Master/Textures/GM-Grid-03.png using Guid(3c33e4fe648904135aaa400a013c4ce3) Importer(815301076,1909f56bfc062723c751e8b465ee728b) (PreviewImporter) -> (artifact id: '104d1cf9aab7e93f16ec52e936c32fc9') in 0.013073 seconds
Number of updated asset objects reloaded before import = 0Number of asset objects unloaded after import = 2

========================================================================
Received Import Request.
  Time since last request: 0.000020 seconds.
  path: Assets/Decimate/Grid Master/Textures/GM-Cross-03.png
  artifactKey: Guid(187588676c1ff46b7b9d0a21f1a0f57e) Importer(815301076,1909f56bfc062723c751e8b465ee728b)
Start importing Assets/Decimate/Grid Master/Textures/GM-Cross-03.png using Guid(187588676c1ff46b7b9d0a21f1a0f57e) Importer(815301076,1909f56bfc062723c751e8b465ee728b) (PreviewImporter) -> (artifact id: 'd7a0898e66cad8981690bcb15bd68e43') in 0.0140935 seconds
Number of updated asset objects reloaded before import = 0Number of asset objects unloaded after import = 2

========================================================================
Received Import Request.
  Time since last request: 0.000029 seconds.
  path: Assets/Decimate/Grid Master/Textures/GM-SCHEME-2B.png
  artifactKey: Guid(4efd29d02f8cf41fa8ea9a91e42d573e) Importer(815301076,1909f56bfc062723c751e8b465ee728b)
Start importing Assets/Decimate/Grid Master/Textures/GM-SCHEME-2B.png using Guid(4efd29d02f8cf41fa8ea9a91e42d573e) Importer(815301076,1909f56bfc062723c751e8b465ee728b) (PreviewImporter) -> (artifact id: '9ae03f7cfdc7d2769ea3482182cf807d') in 0.0152648 seconds
Number of updated asset objects reloaded before import = 0Number of asset objects unloaded after import = 2

========================================================================
Received Import Request.
  Time since last request: 0.000010 seconds.
  path: Assets/Decimate/Grid Master/Textures/GM-Pattern-09.png
  artifactKey: Guid(8b6daeadfc1e345a792cbbff1ceeabb9) Importer(815301076,1909f56bfc062723c751e8b465ee728b)
Start importing Assets/Decimate/Grid Master/Textures/GM-Pattern-09.png using Guid(8b6daeadfc1e345a792cbbff1ceeabb9) Importer(815301076,1909f56bfc062723c751e8b465ee728b) (PreviewImporter) -> (artifact id: '941a9a2fd621772e1a699b6d2bf88a24') in 0.0118059 seconds
Number of updated asset objects reloaded before import = 0Number of asset objects unloaded after import = 2

========================================================================
Received Import Request.
  Time since last request: 0.000010 seconds.
  path: Assets/Decimate/Grid Master/Textures/GM-Checkers-03.png
  artifactKey: Guid(5a64d6e2a2f3e47b5bd7fefb70dfad1d) Importer(815301076,1909f56bfc062723c751e8b465ee728b)
Start importing Assets/Decimate/Grid Master/Textures/GM-Checkers-03.png using Guid(5a64d6e2a2f3e47b5bd7fefb70dfad1d) Importer(815301076,1909f56bfc062723c751e8b465ee728b) (PreviewImporter) -> (artifact id: '3ba91ca960913e714689b1a67114a443') in 0.0186687 seconds
Number of updated asset objects reloaded before import = 0Number of asset objects unloaded after import = 2

========================================================================
Received Import Request.
  Time since last request: 0.000012 seconds.
  path: Assets/Decimate/Grid Master/Textures/GM-SCHEME-1B.png
  artifactKey: Guid(bbb4c2b18fcd9448e8646dd8437e0dfb) Importer(815301076,1909f56bfc062723c751e8b465ee728b)
Start importing Assets/Decimate/Grid Master/Textures/GM-SCHEME-1B.png using Guid(bbb4c2b18fcd9448e8646dd8437e0dfb) Importer(815301076,1909f56bfc062723c751e8b465ee728b) (PreviewImporter) -> (artifact id: '963662424bad4761d3638dc1b64b5b48') in 0.0152398 seconds
Number of updated asset objects reloaded before import = 0Number of asset objects unloaded after import = 2

========================================================================
Received Import Request.
  Time since last request: 0.000012 seconds.
  path: Assets/Decimate/Grid Master/Textures/GM-Cross-01.png
  artifactKey: Guid(4370a808eff4549229eed13aafc646db) Importer(815301076,1909f56bfc062723c751e8b465ee728b)
Start importing Assets/Decimate/Grid Master/Textures/GM-Cross-01.png using Guid(4370a808eff4549229eed13aafc646db) Importer(815301076,1909f56bfc062723c751e8b465ee728b) (PreviewImporter) -> (artifact id: 'ba8f1b2b047878a6fd7689888e80dd2d') in 0.0130371 seconds
Number of updated asset objects reloaded before import = 0Number of asset objects unloaded after import = 2

========================================================================
Received Import Request.
  Time since last request: 0.000013 seconds.
  path: Assets/Decimate/Grid Master/Textures/GM-UV-02.png
  artifactKey: Guid(b60a78eb026ad44d38956cb1163950d7) Importer(815301076,1909f56bfc062723c751e8b465ee728b)
Start importing Assets/Decimate/Grid Master/Textures/GM-UV-02.png using Guid(b60a78eb026ad44d38956cb1163950d7) Importer(815301076,1909f56bfc062723c751e8b465ee728b) (PreviewImporter) -> (artifact id: '451272b14e2933002529d633e2c8555d') in 0.0117902 seconds
Number of updated asset objects reloaded before import = 0Number of asset objects unloaded after import = 2

========================================================================
Received Import Request.
  Time since last request: 0.000013 seconds.
  path: Assets/Decimate/Grid Master/Textures/GM-Icon-03.png
  artifactKey: Guid(bfd887a03685a4ae5a0544ff6dc60dcd) Importer(815301076,1909f56bfc062723c751e8b465ee728b)
Start importing Assets/Decimate/Grid Master/Textures/GM-Icon-03.png using Guid(bfd887a03685a4ae5a0544ff6dc60dcd) Importer(815301076,1909f56bfc062723c751e8b465ee728b) (PreviewImporter) -> (artifact id: '9cfd1ae9b65d279c044a47b5fe297af6') in 0.01173 seconds
Number of updated asset objects reloaded before import = 0Number of asset objects unloaded after import = 2

========================================================================
Received Import Request.
  Time since last request: 0.000015 seconds.
  path: Assets/Decimate/Grid Master/Textures/GM-Pattern-04.png
  artifactKey: Guid(a14ba9152e73b4275ad167cc73bcb9ea) Importer(815301076,1909f56bfc062723c751e8b465ee728b)
Start importing Assets/Decimate/Grid Master/Textures/GM-Pattern-04.png using Guid(a14ba9152e73b4275ad167cc73bcb9ea) Importer(815301076,1909f56bfc062723c751e8b465ee728b) (PreviewImporter) -> (artifact id: 'e30ce17fa23307dfea629dfe88c3b524') in 0.0135985 seconds
Number of updated asset objects reloaded before import = 0Number of asset objects unloaded after import = 2

========================================================================
Received Import Request.
  Time since last request: 0.000012 seconds.
  path: Assets/Decimate/Grid Master/Textures/GM-Cross-02.png
  artifactKey: Guid(ba6d709aaa8554a35b8aa1f6be70c056) Importer(815301076,1909f56bfc062723c751e8b465ee728b)
Start importing Assets/Decimate/Grid Master/Textures/GM-Cross-02.png using Guid(ba6d709aaa8554a35b8aa1f6be70c056) Importer(815301076,1909f56bfc062723c751e8b465ee728b) (PreviewImporter) -> (artifact id: '596a8fd77617a7e9e538258b5e70ae6d') in 0.0133348 seconds
Number of updated asset objects reloaded before import = 0Number of asset objects unloaded after import = 2

========================================================================
Received Import Request.
  Time since last request: 0.000014 seconds.
  path: Assets/Decimate/Grid Master/Textures/GM-Pattern-02.png
  artifactKey: Guid(c2bd6436aa2f24d0780569bc5f72c74c) Importer(815301076,1909f56bfc062723c751e8b465ee728b)
Start importing Assets/Decimate/Grid Master/Textures/GM-Pattern-02.png using Guid(c2bd6436aa2f24d0780569bc5f72c74c) Importer(815301076,1909f56bfc062723c751e8b465ee728b) (PreviewImporter) -> (artifact id: '7381f48a66892b47f0e3d5145ab4bede') in 0.0143691 seconds
Number of updated asset objects reloaded before import = 0Number of asset objects unloaded after import = 2

========================================================================
Received Import Request.
  Time since last request: 0.000024 seconds.
  path: Assets/Decimate/Grid Master/Textures/GM-Pattern-03.png
  artifactKey: Guid(04496201f54aa4a02863694789f92dbf) Importer(815301076,1909f56bfc062723c751e8b465ee728b)
Start importing Assets/Decimate/Grid Master/Textures/GM-Pattern-03.png using Guid(04496201f54aa4a02863694789f92dbf) Importer(815301076,1909f56bfc062723c751e8b465ee728b) (PreviewImporter) -> (artifact id: 'edaddebf39e6f0f088f236856533b1f2') in 0.0154887 seconds
Number of updated asset objects reloaded before import = 0Number of asset objects unloaded after import = 2

========================================================================
Received Import Request.
  Time since last request: 3.165315 seconds.
  path: Assets/Decimate/Grid Master/URP/Prefabs/GM-Beam - URP.prefab
  artifactKey: Guid(8542e129661ee4a158e2ecdc7a105573) Importer(815301076,1909f56bfc062723c751e8b465ee728b)
Start importing Assets/Decimate/Grid Master/URP/Prefabs/GM-Beam - URP.prefab using Guid(8542e129661ee4a158e2ecdc7a105573) Importer(815301076,1909f56bfc062723c751e8b465ee728b) (PreviewImporter) -> (artifact id: '9aec9dfe2beb8b029ec0be5f2c8edd85') in 0.4405992 seconds
Number of updated asset objects reloaded before import = 0Number of asset objects unloaded after import = 27

========================================================================
Received Import Request.
  Time since last request: 0.000053 seconds.
  path: Assets/Decimate/Grid Master/URP/Prefabs/GM-Plinth - URP.prefab
  artifactKey: Guid(5c1a84800a06440089816d7b512a1fac) Importer(815301076,1909f56bfc062723c751e8b465ee728b)
Start importing Assets/Decimate/Grid Master/URP/Prefabs/GM-Plinth - URP.prefab using Guid(5c1a84800a06440089816d7b512a1fac) Importer(815301076,1909f56bfc062723c751e8b465ee728b) (PreviewImporter) -> (artifact id: '2959b940608c3df9afc5e4607b2c81c1') in 0.0449729 seconds
Number of updated asset objects reloaded before import = 0Number of asset objects unloaded after import = 24

========================================================================
Received Import Request.
  Time since last request: 0.000045 seconds.
  path: Assets/Decimate/Grid Master/URP/Prefabs/GM-Wing-URP.prefab
  artifactKey: Guid(4bd6eaca8c9174d06801be4163fc96cc) Importer(815301076,1909f56bfc062723c751e8b465ee728b)
Start importing Assets/Decimate/Grid Master/URP/Prefabs/GM-Wing-URP.prefab using Guid(4bd6eaca8c9174d06801be4163fc96cc) Importer(815301076,1909f56bfc062723c751e8b465ee728b) (PreviewImporter) -> (artifact id: '4cdee12641721120fecb831f89615757') in 0.0451299 seconds
Number of updated asset objects reloaded before import = 0Number of asset objects unloaded after import = 24

========================================================================
Received Import Request.
  Time since last request: 0.000022 seconds.
  path: Assets/Decimate/Grid Master/URP/Prefabs/GM-Hex-URP.prefab
  artifactKey: Guid(0a8f66bcd8b614e539c35c96deae3bce) Importer(815301076,1909f56bfc062723c751e8b465ee728b)
Start importing Assets/Decimate/Grid Master/URP/Prefabs/GM-Hex-URP.prefab using Guid(0a8f66bcd8b614e539c35c96deae3bce) Importer(815301076,1909f56bfc062723c751e8b465ee728b) (PreviewImporter) -> (artifact id: '86e3dbbc8c3c2768869541cc75c69a42') in 0.0497452 seconds
Number of updated asset objects reloaded before import = 0Number of asset objects unloaded after import = 24

========================================================================
Received Import Request.
  Time since last request: 0.000023 seconds.
  path: Assets/Decimate/Grid Master/URP/Prefabs/GM-Ramp-URP.prefab
  artifactKey: Guid(210699a1a51ee44488f7250860efd951) Importer(815301076,1909f56bfc062723c751e8b465ee728b)
Start importing Assets/Decimate/Grid Master/URP/Prefabs/GM-Ramp-URP.prefab using Guid(210699a1a51ee44488f7250860efd951) Importer(815301076,1909f56bfc062723c751e8b465ee728b) (PreviewImporter) -> (artifact id: '9d390bf98aef7199f1f176f2ec0a7c51') in 0.0395556 seconds
Number of updated asset objects reloaded before import = 0Number of asset objects unloaded after import = 24

========================================================================
Received Import Request.
  Time since last request: 0.000024 seconds.
  path: Assets/Decimate/Grid Master/URP/Prefabs/GM-Cube-URP.prefab
  artifactKey: Guid(0e3b1388d8a76489c88ca1e20f243842) Importer(815301076,1909f56bfc062723c751e8b465ee728b)
Start importing Assets/Decimate/Grid Master/URP/Prefabs/GM-Cube-URP.prefab using Guid(0e3b1388d8a76489c88ca1e20f243842) Importer(815301076,1909f56bfc062723c751e8b465ee728b) (PreviewImporter) -> (artifact id: '9a2d65c5ce83341df8ab706103083565') in 0.0444922 seconds
Number of updated asset objects reloaded before import = 0Number of asset objects unloaded after import = 24

Editor requested this worker to shutdown with reason: Scaling down because of idle timeout
AssetImportWorker is now disconnected from the server
Process exiting
Exiting without the bug reporter. Application will terminate with return code 0